[2016-03-23 16:46:23] START
[2016-03-23 16:49:06] EDIT first/controllers/default.py: 0
[2016-03-23 16:58:12] EDIT first/views/default/index.html: -11
[2016-03-23 16:58:58] EDIT first/views/default/index.html: 0
[2016-03-25 01:08:58] EDIT first/controllers/default.py: 7
[2016-03-25 01:09:37] CREATE default/first.html: 0
[2016-03-25 01:09:51] CREATE default/second.html: 0
[2016-03-25 01:10:02] EDIT first/views/default/first.html: 3
[2016-03-25 01:10:20] EDIT first/views/default/second.html: -1
[2016-03-25 01:20:28] EDIT first/controllers/default.py: 1
[2016-03-25 01:21:15] EDIT first/views/default/second.html: 0
[2016-03-25 01:30:10] EDIT first/controllers/default.py: 2
[2016-03-25 01:37:08] EDIT first/views/default/first.html: -4
[2016-03-25 01:38:09] EDIT first/controllers/default.py: 3
[2016-03-25 01:43:51] EDIT first/models/db.py: 0
[2016-03-25 01:44:47] EDIT first/controllers/default.py: 1
[2016-03-25 01:55:19] EDIT first/controllers/default.py: 0
[2016-03-25 01:56:22] EDIT first/models/db.py: 22
[2016-03-25 01:58:20] EDIT first/models/db.py: -1
[2016-03-25 01:58:44] EDIT first/models/db.py: 1
[2016-03-25 01:59:48] EDIT first/models/db.py: 0
[2016-03-25 01:59:54] EDIT first/models/db.py: 0
[2016-03-25 02:00:26] EDIT first/models/db.py: 0
[2016-03-25 02:01:52] EDIT first/models/db.py: -1
[2016-03-25 02:14:23] EDIT first/models/db.py: 1
[2016-03-25 02:15:05] EDIT first/models/db.py: -22
[2016-03-25 02:15:37] EDIT first/models/db.py: 0
[2016-03-25 02:15:58] EDIT first/models/db.py: 0
[2016-03-25 02:16:09] EDIT first/views/default/first.html: 0
[2016-03-25 02:16:15] EDIT first/views/default/first.html: 0
[2016-03-25 02:16:28] EDIT first/controllers/default.py: 0
[2016-03-25 02:18:15] EDIT first/controllers/default.py: -1
[2016-03-25 02:18:40] EDIT first/controllers/default.py: 0
[2016-03-25 02:18:43] EDIT first/views/default/first.html: 0
[2016-03-25 02:18:46] EDIT first/models/db.py: 0
[2016-03-25 02:18:52] EDIT first/models/db.py: 0
[2016-03-25 14:01:46] EDIT first/views/default/second.html: 0
[2016-03-25 14:01:48] EDIT first/views/default/first.html: 4
[2016-03-25 14:01:52] EDIT first/controllers/default.py: -4
[2016-03-25 14:03:05] EDIT first/controllers/default.py: -5
[2016-03-25 14:04:10] EDIT first/controllers/default.py: 1
[2016-03-25 14:04:35] EDIT first/views/default/second.html: 0
[2016-03-25 14:35:16] EDIT first/views/default/index.html: -9
[2016-03-25 14:39:27] EDIT first/views/default/index.html: 0
[2016-03-25 14:39:33] EDIT first/views/default/index.html: 0
[2016-03-25 14:49:23] EDIT first/models/db.py: 12
[2016-03-25 14:49:33] EDIT first/models/db.py: 0
[2016-03-25 14:49:51] EDIT first/models/db.py: 1
[2016-03-25 14:50:07] EDIT first/models/db.py: 7
[2016-03-25 14:51:04] EDIT first/models/db.py: 1
[2016-03-25 14:51:34] EDIT first/models/db.py: 0
[2016-03-25 14:52:55] EDIT first/controllers/default.py: 4
[2016-03-25 14:54:56] EDIT first/models/db.py: 13
[2016-03-25 14:55:25] EDIT first/models/db.py: -34
[2016-03-25 14:56:11] EDIT first/models/db.py: 1
[2016-03-25 14:58:21] EDIT first/models/db.py: 10
[2016-03-25 14:58:33] EDIT first/models/db.py: 1
[2016-03-25 14:58:55] EDIT first/models/db.py: 0
[2016-03-25 14:59:39] EDIT first/models/db.py: 1
[2016-03-25 15:00:29] EDIT first/models/db.py: 23
[2016-03-25 15:04:48] EDIT first/models/db.py: 0
[2016-03-25 15:05:50] EDIT first/models/db.py: 0
[2016-03-25 15:06:28] EDIT first/models/db.py: -1
[2016-03-25 15:06:48] EDIT first/models/db.py: 1
[2016-03-25 15:06:54] EDIT first/models/db.py: 0
[2016-03-25 15:07:28] EDIT first/models/db.py: 0
[2016-03-25 15:18:52] EDIT first/controllers/default.py: 0
[2016-03-25 15:23:07] EDIT first/models/db.py: 6
[2016-03-25 15:27:23] EDIT first/models/db.py: 2
[2016-03-25 15:27:34] EDIT first/models/db.py: 0
[2016-03-25 15:28:57] EDIT first/models/db.py: 0
[2016-03-25 15:30:05] CREATE default/complaint.html: 0
[2016-03-25 15:31:55] EDIT first/controllers/default.py: 2
[2016-03-25 15:32:03] EDIT first/controllers/default.py: 1
[2016-03-25 15:32:10] EDIT first/controllers/default.py: 0
[2016-03-25 15:33:35] EDIT first/controllers/default.py: 1
[2016-03-25 15:35:23] EDIT first/models/db.py: 1
[2016-03-25 15:35:31] EDIT first/views/default/complaint.html: 0
[2016-03-25 15:35:33] EDIT first/views/default/first.html: 0
[2016-03-25 15:35:35] EDIT first/controllers/default.py: 0
[2016-03-25 15:36:28] EDIT first/models/db.py: 0
[2016-03-25 15:38:06] EDIT first/controllers/default.py: 0
[2016-03-25 15:38:08] EDIT first/views/default/first.html: 0
[2016-03-25 15:38:10] EDIT first/views/default/complaint.html: 0
[2016-03-25 15:39:01] EDIT first/models/db.py: 0
[2016-03-25 15:39:30] EDIT first/models/db.py: 0
[2016-03-25 15:39:32] EDIT first/models/db.py: 0
[2016-03-25 15:40:58] EDIT first/models/db.py: 0
[2016-03-25 15:42:17] EDIT first/controllers/default.py: 0
[2016-03-25 15:42:50] EDIT first/models/db.py: 0
[2016-03-25 15:43:19] EDIT first/models/db.py: 0
[2016-03-25 15:43:36] EDIT first/models/db.py: 0
[2016-03-25 15:44:28] EDIT first/views/default/complaint.html: 0
[2016-03-25 15:45:23] EDIT first/models/db.py: 0
[2016-03-25 15:46:54] EDIT first/controllers/default.py: 2
[2016-03-25 15:48:10] EDIT first/controllers/default.py: 2
[2016-03-25 15:48:23] EDIT first/controllers/default.py: 0
[2016-03-25 15:49:05] EDIT first/controllers/default.py: -1
[2016-03-25 16:04:15] EDIT first/models/db.py: 0
[2016-03-25 16:04:41] EDIT first/models/db.py: 0
[2016-03-25 16:04:53] EDIT first/models/db.py: 0
[2016-03-25 16:04:54] EDIT first/models/db.py: 0
[2016-03-25 16:05:04] EDIT first/models/db.py: 0
[2016-03-25 16:05:55] EDIT first/models/db.py: 0
[2016-03-25 16:09:30] EDIT first/models/db.py: 0
